jadex-android-example-project-gradle/build/outputs/logs/manifest-merger-debug-report.txt
-- Merging decision tree log ---
manifest
ADDED from src\main\AndroidManifest.xml:2:1-38:12
	xmlns:android
		ADDED from src\main\AndroidManifest.xml:2:11-69
	package
		ADDED from src\main\AndroidManifest.xml:3:2-40
		INJECTED from src\main\AndroidManifest.xml
		INJECTED from src\main\AndroidManifest.xml
	android:versionName
		ADDED from src\main\AndroidManifest.xml:4:2-27
		INJECTED from src\main\AndroidManifest.xml
		INJECTED from src\main\AndroidManifest.xml
	android:versionCode
		ADDED from src\main\AndroidManifest.xml:3:41-64
		INJECTED from src\main\AndroidManifest.xml
		INJECTED from src\main\AndroidManifest.xml
uses-sdk
ADDED from src\main\AndroidManifest.xml:5:2-40
MERGED from [com.android.support:appcompat-v7:21.0.2] AndroidManifest.xml:15:5-42
MERGED from [com.android.support:support-v4:21.0.2] AndroidManifest.xml:15:5-42
MERGED from [jadex-android-example-project-gradle:jadex-android-commons-3.0-SNAPSHOT:unspecified] AndroidManifest.xml:7:5-9:41
MERGED from [jadex-android-example-project-gradle:jadex-android-platformclient-3.0-SNAPSHOT:unspecified] AndroidManifest.xml:7:5-9:41
MERGED from [jadex-android-example-project-gradle:jadex-platform-android-3.0-SNAPSHOT:unspecified] AndroidManifest.xml:7:5-9:41
MERGED from [jadex-android-example-project-gradle:jadex-platform-extension-webservice-android-3.0-SNAPSHOT:unspecified] AndroidManifest.xml:7:5-9:41
MERGED from [jadex-android-example-project-gradle:jadex-runtimetools-android-3.0-SNAPSHOT:unspecified] AndroidManifest.xml:7:5-9:41
MERGED from [jadex-android-example-project-gradle.libraries:opencv:unspecified] AndroidManifest.xml:7:5-9:41
	android:targetSdkVersion
		INJECTED from src\main\AndroidManifest.xml
		INJECTED from src\main\AndroidManifest.xml
	android:minSdkVersion
		ADDED from src\main\AndroidManifest.xml:5:12-37
		INJECTED from src\main\AndroidManifest.xml
		INJECTED from src\main\AndroidManifest.xml
uses-permission#android.permission.INTERNET
ADDED from src\main\AndroidManifest.xml:6:2-64
	android:name
		ADDED from src\main\AndroidManifest.xml:6:19-61
uses-permission#android.permission.ACCESS_WIFI_STATE
ADDED from src\main\AndroidManifest.xml:7:2-73
	android:name
		ADDED from src\main\AndroidManifest.xml:7:19-70
android:uses-permission#android.permission.WRITE_EXTERNAL_STORAGE
ADDED from src\main\AndroidManifest.xml:9:2-11:32
	android:maxSdkVersion
		ADDED from src\main\AndroidManifest.xml:11:3-29
	android:name
		ADDED from src\main\AndroidManifest.xml:10:3-59
android:uses-permission#android.permission.READ_PHONE_STATE
ADDED from src\main\AndroidManifest.xml:12:2-80
	android:name
		ADDED from src\main\AndroidManifest.xml:12:27-77
android:uses-permission#android.permission.READ_EXTERNAL_STORAGE
ADDED from src\main\AndroidManifest.xml:13:2-15:32
	android:maxSdkVersion
		ADDED from src\main\AndroidManifest.xml:15:3-29
	android:name
		ADDED from src\main\AndroidManifest.xml:14:3-58
uses-permission#android.permission.CAMERA
ADDED from src\main\AndroidManifest.xml:17:2-62
	android:name
		ADDED from src\main\AndroidManifest.xml:17:19-59
uses-permission#android.permission.ACCESS_NETWORK_STATE
ADDED from src\main\AndroidManifest.xml:18:2-76
	android:name
		ADDED from src\main\AndroidManifest.xml:18:19-73
uses-feature#android.hardware.camera
ADDED from src\main\AndroidManifest.xml:20:2-57
	android:name
		ADDED from src\main\AndroidManifest.xml:20:16-54
uses-feature#android.hardware.camera.autofocus
ADDED from src\main\AndroidManifest.xml:21:2-67
	android:name
		ADDED from src\main\AndroidManifest.xml:21:16-64
uses-feature#android.hardware.camera.front
ADDED from src\main\AndroidManifest.xml:22:2-63
	android:name
		ADDED from src\main\AndroidManifest.xml:22:16-60
uses-feature#android.hardware.camera.front.autofocus
ADDED from src\main\AndroidManifest.xml:23:2-73
	android:name
		ADDED from src\main\AndroidManifest.xml:23:16-70
application
ADDED from src\main\AndroidManifest.xml:25:2-36:16
MERGED from [com.android.support:appcompat-v7:21.0.2] AndroidManifest.xml:16:5-19
MERGED from [com.android.support:support-v4:21.0.2] AndroidManifest.xml:16:5-19
MERGED from [jadex-android-example-project-gradle:jadex-android-commons-3.0-SNAPSHOT:unspecified] AndroidManifest.xml:11:5-20
MERGED from [jadex-android-example-project-gradle:jadex-android-platformclient-3.0-SNAPSHOT:unspecified] AndroidManifest.xml:11:5-20
MERGED from [jadex-android-example-project-gradle:jadex-platform-android-3.0-SNAPSHOT:unspecified] AndroidManifest.xml:11:5-20
MERGED from [jadex-android-example-project-gradle:jadex-platform-extension-webservice-android-3.0-SNAPSHOT:unspecified] AndroidManifest.xml:11:5-20
MERGED from [jadex-android-example-project-gradle:jadex-runtimetools-android-3.0-SNAPSHOT:unspecified] AndroidManifest.xml:11:5-20
	android:screenOrientation
		ADDED from src\main\AndroidManifest.xml:25:45-81
	android:label
		ADDED from src\main\AndroidManifest.xml:25:82-114
	android:debuggable
		ADDED from src\main\AndroidManifest.xml:25:115-140
	android:icon
		ADDED from src\main\AndroidManifest.xml:25:15-44
activity#jadex.android.exampleproject.extended.HelloWorldActivity
ADDED from src\main\AndroidManifest.xml:26:3-31:14
	android:name
		ADDED from src\main\AndroidManifest.xml:26:13-84
intent-filter#android.intent.action.MAIN+android.intent.category.LAUNCHER
ADDED from src\main\AndroidManifest.xml:27:4-30:20
action#android.intent.action.MAIN
ADDED from src\main\AndroidManifest.xml:28:5-57
	android:name
		ADDED from src\main\AndroidManifest.xml:28:13-54
category#android.intent.category.LAUNCHER
ADDED from src\main\AndroidManifest.xml:29:5-65
	android:name
		ADDED from src\main\AndroidManifest.xml:29:15-62
activity#jadex.android.controlcenter.JadexAndroidControlCenter
ADDED from src\main\AndroidManifest.xml:32:3-93
	android:name
		ADDED from src\main\AndroidManifest.xml:32:13-81
activity#jadex.android.controlcenter.componentViewer.ComponentViewer
ADDED from src\main\AndroidManifest.xml:33:3-99
	android:name
		ADDED from src\main\AndroidManifest.xml:33:13-87
service#jadex.android.service.JadexPlatformService
ADDED from src\main\AndroidManifest.xml:34:3-117
	android:label
		ADDED from src\main\AndroidManifest.xml:34:70-106
	android:name
		ADDED from src\main\AndroidManifest.xml:34:12-69
service#jadex.android.exampleproject.extended.MyJadexService
ADDED from src\main\AndroidManifest.xml:35:3-121
	android:label
		ADDED from src\main\AndroidManifest.xml:35:80-110
	android:name
		ADDED from src\main\AndroidManifest.xml:35:12-79